<?xml version="1.0" encoding="UTF-8"?>
<!-- Generated by org.testng.reporters.JUnitXMLReporter -->
<testsuite ignored="0" hostname="DESKTOP-AI6NF5T" failures="0" tests="3" name="Test" time="24.166" errors="0" timestamp="2025-07-11T00:11:28 PDT">
  <testcase classname="testClasses.RegisterAccountTest" name="verifyRegisteringAccountWithManetoryFields" time="2.608"/>
  <testcase classname="testClasses.RegisterAccountTest" name="verifyRegisterAccountByProvidingallFields" time="2.479"/>
  <testcase classname="testClasses.RegisterAccountTest" name="verifyRegisterAccountWithValidData" time="3.407"/>
</testsuite> <!-- Test -->
