<?xml version="1.0" encoding="UTF-8"?>
<!-- Generated by org.testng.reporters.JUnitXMLReporter -->
<testsuite ignored="0" hostname="DESKTOP-AI6NF5T" failures="0" tests="9" name="Test" time="61.788" errors="0" timestamp="2025-07-06T13:11:46 PDT">
  <testcase classname="testClasses.RegisterAccountTest" name="verifyRegisteringAccountWithManetoryFields" time="2.301"/>
  <testcase classname="testClasses.RegisterAccountTest" name="verifyRegisterAccountByProvidingallFields" time="2.553"/>
  <testcase classname="testClasses.LoginTest" name="verifyLoginWithValidCredentials" time="1.41"/>
  <testcase classname="testClasses.LoginTest" name="verifyLoginWithInvalidCredentials" time="1.142"/>
  <testcase classname="testClasses.LoginTest" name="verifyLoginWithInvalidEmailAndValidPassword" time="1.054"/>
  <testcase classname="testClasses.LoginTest" name="verifyLoginWithValidEmailAndInvalidPassword" time="1.194"/>
  <testcase classname="testClasses.LoginTest" name="verifyLoginWithWithoutCredentials" time="1.21"/>
  <testcase classname="testClasses.LoginTest" name="verifyForgottenLinkAvaliableAndWorking" time="0.786"/>
  <testcase classname="testClasses.EndToEndTest" name="verifyEndToEndTest" time="7.907"/>
</testsuite> <!-- Test -->
