<?xml version="1.0" encoding="UTF-8"?>
<!-- Generated by org.testng.reporters.JUnitXMLReporter -->
<testsuite ignored="0" hostname="DESKTOP-AI6NF5T" failures="0" tests="2" name="Test" time="19.857" errors="0" timestamp="2025-07-04T06:04:47 PDT">
  <testcase classname="testClasses.RegisterAccountTest" name="verifyRegisteringAccountWithManetoryFields" time="2.63"/>
  <testcase classname="testClasses.RegisterAccountTest" name="verifyRegisterAccountByProvidingallFields" time="2.764"/>
</testsuite> <!-- Test -->
